{"message":"Express app started on port 3000","level":"info"}
{"message":"Express app started on port 3000","level":"info"}
{"message":"Express app started on port 3000","level":"info"}
{"message":"Express app started on port 3000","level":"info"}
{"message":"Express app started on port 3000","level":"info"}
{"message":"Express app started on port 3000","level":"info"}
{"message":"Express app started on port 3000","level":"info"}
{"message":"Express app started on port 3000","level":"info"}
{"message":"Express app started on port 3000","level":"info"}
{"message":"Express app started on port 3000","level":"info"}
{"message":"Express app started on port 3000","level":"info"}
{"message":"Express app started on port 3000","level":"info"}
{"message":"Express app started on port 3000","level":"info"}
{"message":"Express app started on port 3000","level":"info"}
{"message":"Express app started on port 3000","level":"info"}
{"message":"Express app started on port 3000","level":"info"}
{"message":"Express app started on port 3000","level":"info"}
{"message":"Express app started on port 3000","level":"info"}
{"message":"Express app started on port 3000","level":"info"}
{"message":"Express app started on port 3000","level":"info"}
{"message":"Express app started on port 3000","level":"info"}
{"message":"Express app started on port 3000","level":"info"}
{"message":"Express app started on port 3000","level":"info"}
{"message":"Express app started on port 3000","level":"info"}
{"message":"Express app started on port 3000","level":"info"}
{"message":"Express app started on port 3000","level":"info"}
{"message":"Express app started on port 3000","level":"info"}
{"message":"Express app started on port 3000","level":"info"}
{"message":"Express app started on port 3000","level":"info"}
{"message":"Express app started on port 3000","level":"info"}
{"message":"Express app started on port 3000","level":"info"}
{"message":"Express app started on port 3000","level":"info"}
{"message":"Express app started on port 3000","level":"info"}
{"message":"Express app started on port 3000","level":"info"}
{"message":"Express app started on port 3000","level":"info"}
{"message":"Express app started on port 3000","level":"info"}
{"message":"Express app started on port 3000","level":"info"}
{"message":"Express app started on port 3000","level":"info"}
{"message":"Express app started on port 3000","level":"info"}
{"message":"Express app started on port 3000","level":"info"}
{"message":"Express app started on port 3000","level":"info"}
{"message":"Express app started on port 3000","level":"info"}
{"message":"Express app started on port 3000","level":"info"}
{"message":"Express app started on port 3000","level":"info"}
{"message":"Express app started on port 3000","level":"info"}
{"message":"Express app started on port 3000","level":"info"}
{"message":"Express app started on port 3000","level":"info"}
{"message":"Express app started on port 3000","level":"info"}
{"message":"Express app started on port 3000","level":"info"}
{"message":"Express app started on port 3000","level":"info"}
{"message":"Express app started on port 3000","level":"info"}
{"message":"Express app started on port 3000","level":"info"}
{"message":"Express app started on port 3000","level":"info"}
{"message":"Express app started on port 3000","level":"info"}
{"message":"Express app started on port 3000","level":"info"}
{"message":"Express app started on port 3000","level":"info"}
{"message":"Express app started on port 3000","level":"info"}
{"message":"::1 - - [13/Jul/2019:19:29:47 +0000] \"POST /api/v1/users HTTP/1.1\" 200 396 \"-\" \"PostmanRuntime/7.15.0\"\n","level":"info"}
{"level":"error"}
{"message":"::1 - - [13/Jul/2019:19:32:17 +0000] \"GET /api/v1/villages HTTP/1.1\" 404 17 \"-\" \"PostmanRuntime/7.15.0\"\n","level":"info"}
{"message":"Express app started on port 3000","level":"info"}
{"level":"error"}
{"message":"::1 - - [13/Jul/2019:19:32:53 +0000] \"GET /api/v1/villages HTTP/1.1\" 404 17 \"-\" \"PostmanRuntime/7.15.0\"\n","level":"info"}
{"message":"Express app started on port 3000","level":"info"}
{"level":"error"}
{"message":"::1 - - [13/Jul/2019:19:33:36 +0000] \"GET /api/v1/villages HTTP/1.1\" 404 17 \"-\" \"PostmanRuntime/7.15.0\"\n","level":"info"}
{"message":"::1 - - [13/Jul/2019:19:35:09 +0000] \"GET /api/v1/villages/all HTTP/1.1\" 200 2 \"-\" \"PostmanRuntime/7.15.0\"\n","level":"info"}
{"message":"Express app started on port 3000","level":"info"}
{"err":{},"level":"error","message":"Error"}
{"message":"::1 - - [13/Jul/2019:19:39:44 +0000] \"GET /api/v1/villages/ HTTP/1.1\" 404 2 \"-\" \"PostmanRuntime/7.15.0\"\n","level":"info"}
{"message":"Express app started on port 3000","level":"info"}
{"level":"error","err":{}}
{"message":"::1 - - [13/Jul/2019:19:41:09 +0000] \"GET /api/v1/villages/ HTTP/1.1\" 404 2 \"-\" \"PostmanRuntime/7.15.0\"\n","level":"info"}
{"message":"Express app started on port 3000","level":"info"}
{"message":"TypeError: Cannot destructure property `id` of 'undefined' or 'null'.\n    at getVillage (/Users/harishkumarmatta/Desktop/Incubator/YoYo Code/stockery-backend/src/app/controllers/villages.js:31:31)\n    at Layer.handle [as handle_request] (/Users/harishkumarmatta/Desktop/Incubator/YoYo Code/stockery-backend/node_modules/express/lib/router/layer.js:95:5)\n    at next (/Users/harishkumarmatta/Desktop/Incubator/YoYo Code/stockery-backend/node_modules/express/lib/router/route.js:137:13)\n    at Route.dispatch (/Users/harishkumarmatta/Desktop/Incubator/YoYo Code/stockery-backend/node_modules/express/lib/router/route.js:112:3)\n    at Layer.handle [as handle_request] (/Users/harishkumarmatta/Desktop/Incubator/YoYo Code/stockery-backend/node_modules/express/lib/router/layer.js:95:5)\n    at /Users/harishkumarmatta/Desktop/Incubator/YoYo Code/stockery-backend/node_modules/express/lib/router/index.js:281:22\n    at Function.process_params (/Users/harishkumarmatta/Desktop/Incubator/YoYo Code/stockery-backend/node_modules/express/lib/router/index.js:335:12)\n    at next (/Users/harishkumarmatta/Desktop/Incubator/YoYo Code/stockery-backend/node_modules/express/lib/router/index.js:275:10)\n    at Function.handle (/Users/harishkumarmatta/Desktop/Incubator/YoYo Code/stockery-backend/node_modules/express/lib/router/index.js:174:3)\n    at router (/Users/harishkumarmatta/Desktop/Incubator/YoYo Code/stockery-backend/node_modules/express/lib/router/index.js:47:12)\n    at Layer.handle [as handle_request] (/Users/harishkumarmatta/Desktop/Incubator/YoYo Code/stockery-backend/node_modules/express/lib/router/layer.js:95:5)\n    at trim_prefix (/Users/harishkumarmatta/Desktop/Incubator/YoYo Code/stockery-backend/node_modules/express/lib/router/index.js:317:13)\n    at /Users/harishkumarmatta/Desktop/Incubator/YoYo Code/stockery-backend/node_modules/express/lib/router/index.js:284:7\n    at Function.process_params (/Users/harishkumarmatta/Desktop/Incubator/YoYo Code/stockery-backend/node_modules/express/lib/router/index.js:335:12)\n    at next (/Users/harishkumarmatta/Desktop/Incubator/YoYo Code/stockery-backend/node_modules/express/lib/router/index.js:275:10)\n    at module.exports (/Users/harishkumarmatta/Desktop/Incubator/YoYo Code/stockery-backend/src/app/middlewares/bindDB.js:4:3)","level":"error"}
{"message":"::1 - - [13/Jul/2019:19:44:00 +0000] \"GET /api/v1/villages/ HTTP/1.1\" 404 2 \"-\" \"PostmanRuntime/7.15.0\"\n","level":"info"}
{"message":"Express app started on port 3000","level":"info"}
{"message":"TypeError: Cannot destructure property `id` of 'undefined' or 'null'.\n    at getVillage (/Users/harishkumarmatta/Desktop/Incubator/YoYo Code/stockery-backend/src/app/controllers/villages.js:31:31)\n    at Layer.handle [as handle_request] (/Users/harishkumarmatta/Desktop/Incubator/YoYo Code/stockery-backend/node_modules/express/lib/router/layer.js:95:5)\n    at next (/Users/harishkumarmatta/Desktop/Incubator/YoYo Code/stockery-backend/node_modules/express/lib/router/route.js:137:13)\n    at Route.dispatch (/Users/harishkumarmatta/Desktop/Incubator/YoYo Code/stockery-backend/node_modules/express/lib/router/route.js:112:3)\n    at Layer.handle [as handle_request] (/Users/harishkumarmatta/Desktop/Incubator/YoYo Code/stockery-backend/node_modules/express/lib/router/layer.js:95:5)\n    at /Users/harishkumarmatta/Desktop/Incubator/YoYo Code/stockery-backend/node_modules/express/lib/router/index.js:281:22\n    at Function.process_params (/Users/harishkumarmatta/Desktop/Incubator/YoYo Code/stockery-backend/node_modules/express/lib/router/index.js:335:12)\n    at next (/Users/harishkumarmatta/Desktop/Incubator/YoYo Code/stockery-backend/node_modules/express/lib/router/index.js:275:10)\n    at Function.handle (/Users/harishkumarmatta/Desktop/Incubator/YoYo Code/stockery-backend/node_modules/express/lib/router/index.js:174:3)\n    at router (/Users/harishkumarmatta/Desktop/Incubator/YoYo Code/stockery-backend/node_modules/express/lib/router/index.js:47:12)\n    at Layer.handle [as handle_request] (/Users/harishkumarmatta/Desktop/Incubator/YoYo Code/stockery-backend/node_modules/express/lib/router/layer.js:95:5)\n    at trim_prefix (/Users/harishkumarmatta/Desktop/Incubator/YoYo Code/stockery-backend/node_modules/express/lib/router/index.js:317:13)\n    at /Users/harishkumarmatta/Desktop/Incubator/YoYo Code/stockery-backend/node_modules/express/lib/router/index.js:284:7\n    at Function.process_params (/Users/harishkumarmatta/Desktop/Incubator/YoYo Code/stockery-backend/node_modules/express/lib/router/index.js:335:12)\n    at next (/Users/harishkumarmatta/Desktop/Incubator/YoYo Code/stockery-backend/node_modules/express/lib/router/index.js:275:10)\n    at module.exports (/Users/harishkumarmatta/Desktop/Incubator/YoYo Code/stockery-backend/src/app/middlewares/bindDB.js:4:3)","level":"error"}
{"message":"::1 - - [13/Jul/2019:19:44:26 +0000] \"GET /api/v1/villages/ HTTP/1.1\" 404 2 \"-\" \"PostmanRuntime/7.15.0\"\n","level":"info"}
{"message":"Express app started on port 3000","level":"info"}
{"message":"TypeError: Cannot destructure property `id` of 'undefined' or 'null'.\n    at getVillage (/Users/harishkumarmatta/Desktop/Incubator/YoYo Code/stockery-backend/src/app/controllers/villages.js:31:31)\n    at Layer.handle [as handle_request] (/Users/harishkumarmatta/Desktop/Incubator/YoYo Code/stockery-backend/node_modules/express/lib/router/layer.js:95:5)\n    at next (/Users/harishkumarmatta/Desktop/Incubator/YoYo Code/stockery-backend/node_modules/express/lib/router/route.js:137:13)\n    at Route.dispatch (/Users/harishkumarmatta/Desktop/Incubator/YoYo Code/stockery-backend/node_modules/express/lib/router/route.js:112:3)\n    at Layer.handle [as handle_request] (/Users/harishkumarmatta/Desktop/Incubator/YoYo Code/stockery-backend/node_modules/express/lib/router/layer.js:95:5)\n    at /Users/harishkumarmatta/Desktop/Incubator/YoYo Code/stockery-backend/node_modules/express/lib/router/index.js:281:22\n    at Function.process_params (/Users/harishkumarmatta/Desktop/Incubator/YoYo Code/stockery-backend/node_modules/express/lib/router/index.js:335:12)\n    at next (/Users/harishkumarmatta/Desktop/Incubator/YoYo Code/stockery-backend/node_modules/express/lib/router/index.js:275:10)\n    at Function.handle (/Users/harishkumarmatta/Desktop/Incubator/YoYo Code/stockery-backend/node_modules/express/lib/router/index.js:174:3)\n    at router (/Users/harishkumarmatta/Desktop/Incubator/YoYo Code/stockery-backend/node_modules/express/lib/router/index.js:47:12)\n    at Layer.handle [as handle_request] (/Users/harishkumarmatta/Desktop/Incubator/YoYo Code/stockery-backend/node_modules/express/lib/router/layer.js:95:5)\n    at trim_prefix (/Users/harishkumarmatta/Desktop/Incubator/YoYo Code/stockery-backend/node_modules/express/lib/router/index.js:317:13)\n    at /Users/harishkumarmatta/Desktop/Incubator/YoYo Code/stockery-backend/node_modules/express/lib/router/index.js:284:7\n    at Function.process_params (/Users/harishkumarmatta/Desktop/Incubator/YoYo Code/stockery-backend/node_modules/express/lib/router/index.js:335:12)\n    at next (/Users/harishkumarmatta/Desktop/Incubator/YoYo Code/stockery-backend/node_modules/express/lib/router/index.js:275:10)\n    at module.exports (/Users/harishkumarmatta/Desktop/Incubator/YoYo Code/stockery-backend/src/app/middlewares/bindDB.js:4:3)","level":"error"}
{"message":"::1 - - [13/Jul/2019:19:46:45 +0000] \"GET /api/v1/villages/ HTTP/1.1\" 404 2 \"-\" \"PostmanRuntime/7.15.0\"\n","level":"info"}
{"message":"Express app started on port 3000","level":"info"}
{"message":"::1 - - [13/Jul/2019:19:49:41 +0000] \"POST /api/v1/villages HTTP/1.1\" 200 179 \"-\" \"PostmanRuntime/7.15.0\"\n","level":"info"}
{"message":"Express app started on port 3000","level":"info"}
{"message":"::1 - - [13/Jul/2019:19:53:04 +0000] \"PATCH /api/v1/villages HTTP/1.1\" 404 46 \"-\" \"PostmanRuntime/7.15.0\"\n","level":"info"}
{"message":"::1 - - [13/Jul/2019:19:53:23 +0000] \"PATCH /api/v1/villages/5d2a35d55f04e671ae78964d HTTP/1.1\" 200 172 \"-\" \"PostmanRuntime/7.15.0\"\n","level":"info"}
{"level":"error"}
{"message":"::1 - - [13/Jul/2019:19:54:27 +0000] \"DELETE /api/v1/villages/5d2a35d55f04e671ae78964d HTTP/1.1\" 400 17 \"-\" \"PostmanRuntime/7.15.0\"\n","level":"info"}
{"message":"Express app started on port 3000","level":"info"}
{"message":"TypeError: Invalid select() argument. Must be string or object.\n    at model.Query.select (/Users/harishkumarmatta/Desktop/Incubator/YoYo Code/stockery-backend/node_modules/mongoose/lib/query.js:971:9)\n    at Function.Model.findOneAndRemove (/Users/harishkumarmatta/Desktop/Incubator/YoYo Code/stockery-backend/node_modules/mongoose/lib/model.js:2745:6)\n    at deleteVillage (/Users/harishkumarmatta/Desktop/Incubator/YoYo Code/stockery-backend/src/app/controllers/villages.js:77:49)\n    at Layer.handle [as handle_request] (/Users/harishkumarmatta/Desktop/Incubator/YoYo Code/stockery-backend/node_modules/express/lib/router/layer.js:95:5)\n    at next (/Users/harishkumarmatta/Desktop/Incubator/YoYo Code/stockery-backend/node_modules/express/lib/router/route.js:137:13)\n    at Route.dispatch (/Users/harishkumarmatta/Desktop/Incubator/YoYo Code/stockery-backend/node_modules/express/lib/router/route.js:112:3)\n    at Layer.handle [as handle_request] (/Users/harishkumarmatta/Desktop/Incubator/YoYo Code/stockery-backend/node_modules/express/lib/router/layer.js:95:5)\n    at /Users/harishkumarmatta/Desktop/Incubator/YoYo Code/stockery-backend/node_modules/express/lib/router/index.js:281:22\n    at param (/Users/harishkumarmatta/Desktop/Incubator/YoYo Code/stockery-backend/node_modules/express/lib/router/index.js:354:14)\n    at param (/Users/harishkumarmatta/Desktop/Incubator/YoYo Code/stockery-backend/node_modules/express/lib/router/index.js:365:14)\n    at Function.process_params (/Users/harishkumarmatta/Desktop/Incubator/YoYo Code/stockery-backend/node_modules/express/lib/router/index.js:410:3)\n    at next (/Users/harishkumarmatta/Desktop/Incubator/YoYo Code/stockery-backend/node_modules/express/lib/router/index.js:275:10)\n    at Function.handle (/Users/harishkumarmatta/Desktop/Incubator/YoYo Code/stockery-backend/node_modules/express/lib/router/index.js:174:3)\n    at router (/Users/harishkumarmatta/Desktop/Incubator/YoYo Code/stockery-backend/node_modules/express/lib/router/index.js:47:12)\n    at Layer.handle [as handle_request] (/Users/harishkumarmatta/Desktop/Incubator/YoYo Code/stockery-backend/node_modules/express/lib/router/layer.js:95:5)\n    at trim_prefix (/Users/harishkumarmatta/Desktop/Incubator/YoYo Code/stockery-backend/node_modules/express/lib/router/index.js:317:13)","level":"error"}
{"message":"::1 - - [13/Jul/2019:19:54:51 +0000] \"DELETE /api/v1/villages/5d2a35d55f04e671ae78964d HTTP/1.1\" 400 2 \"-\" \"PostmanRuntime/7.15.0\"\n","level":"info"}
{"message":"Express app started on port 3000","level":"info"}
{"message":"::1 - - [13/Jul/2019:19:56:16 +0000] \"DELETE /api/v1/villages/5d2a35d55f04e671ae78964d HTTP/1.1\" 200 172 \"-\" \"PostmanRuntime/7.15.0\"\n","level":"info"}
{"message":"TypeError: Cannot destructure property `id` of 'undefined' or 'null'.\n    at getVillage (/Users/harishkumarmatta/Desktop/Incubator/YoYo Code/stockery-backend/src/app/controllers/villages.js:31:31)\n    at Layer.handle [as handle_request] (/Users/harishkumarmatta/Desktop/Incubator/YoYo Code/stockery-backend/node_modules/express/lib/router/layer.js:95:5)\n    at next (/Users/harishkumarmatta/Desktop/Incubator/YoYo Code/stockery-backend/node_modules/express/lib/router/route.js:137:13)\n    at Route.dispatch (/Users/harishkumarmatta/Desktop/Incubator/YoYo Code/stockery-backend/node_modules/express/lib/router/route.js:112:3)\n    at Layer.handle [as handle_request] (/Users/harishkumarmatta/Desktop/Incubator/YoYo Code/stockery-backend/node_modules/express/lib/router/layer.js:95:5)\n    at /Users/harishkumarmatta/Desktop/Incubator/YoYo Code/stockery-backend/node_modules/express/lib/router/index.js:281:22\n    at Function.process_params (/Users/harishkumarmatta/Desktop/Incubator/YoYo Code/stockery-backend/node_modules/express/lib/router/index.js:335:12)\n    at next (/Users/harishkumarmatta/Desktop/Incubator/YoYo Code/stockery-backend/node_modules/express/lib/router/index.js:275:10)\n    at Function.handle (/Users/harishkumarmatta/Desktop/Incubator/YoYo Code/stockery-backend/node_modules/express/lib/router/index.js:174:3)\n    at router (/Users/harishkumarmatta/Desktop/Incubator/YoYo Code/stockery-backend/node_modules/express/lib/router/index.js:47:12)\n    at Layer.handle [as handle_request] (/Users/harishkumarmatta/Desktop/Incubator/YoYo Code/stockery-backend/node_modules/express/lib/router/layer.js:95:5)\n    at trim_prefix (/Users/harishkumarmatta/Desktop/Incubator/YoYo Code/stockery-backend/node_modules/express/lib/router/index.js:317:13)\n    at /Users/harishkumarmatta/Desktop/Incubator/YoYo Code/stockery-backend/node_modules/express/lib/router/index.js:284:7\n    at Function.process_params (/Users/harishkumarmatta/Desktop/Incubator/YoYo Code/stockery-backend/node_modules/express/lib/router/index.js:335:12)\n    at next (/Users/harishkumarmatta/Desktop/Incubator/YoYo Code/stockery-backend/node_modules/express/lib/router/index.js:275:10)\n    at module.exports (/Users/harishkumarmatta/Desktop/Incubator/YoYo Code/stockery-backend/src/app/middlewares/bindDB.js:4:3)","level":"error"}
{"message":"::1 - - [13/Jul/2019:19:56:28 +0000] \"GET /api/v1/villages HTTP/1.1\" 404 2 \"-\" \"PostmanRuntime/7.15.0\"\n","level":"info"}
{"message":"::1 - - [13/Jul/2019:19:56:32 +0000] \"POST /api/v1/villages HTTP/1.1\" 200 179 \"-\" \"PostmanRuntime/7.15.0\"\n","level":"info"}
{"message":"TypeError: Cannot destructure property `id` of 'undefined' or 'null'.\n    at getVillage (/Users/harishkumarmatta/Desktop/Incubator/YoYo Code/stockery-backend/src/app/controllers/villages.js:31:31)\n    at Layer.handle [as handle_request] (/Users/harishkumarmatta/Desktop/Incubator/YoYo Code/stockery-backend/node_modules/express/lib/router/layer.js:95:5)\n    at next (/Users/harishkumarmatta/Desktop/Incubator/YoYo Code/stockery-backend/node_modules/express/lib/router/route.js:137:13)\n    at Route.dispatch (/Users/harishkumarmatta/Desktop/Incubator/YoYo Code/stockery-backend/node_modules/express/lib/router/route.js:112:3)\n    at Layer.handle [as handle_request] (/Users/harishkumarmatta/Desktop/Incubator/YoYo Code/stockery-backend/node_modules/express/lib/router/layer.js:95:5)\n    at /Users/harishkumarmatta/Desktop/Incubator/YoYo Code/stockery-backend/node_modules/express/lib/router/index.js:281:22\n    at Function.process_params (/Users/harishkumarmatta/Desktop/Incubator/YoYo Code/stockery-backend/node_modules/express/lib/router/index.js:335:12)\n    at next (/Users/harishkumarmatta/Desktop/Incubator/YoYo Code/stockery-backend/node_modules/express/lib/router/index.js:275:10)\n    at Function.handle (/Users/harishkumarmatta/Desktop/Incubator/YoYo Code/stockery-backend/node_modules/express/lib/router/index.js:174:3)\n    at router (/Users/harishkumarmatta/Desktop/Incubator/YoYo Code/stockery-backend/node_modules/express/lib/router/index.js:47:12)\n    at Layer.handle [as handle_request] (/Users/harishkumarmatta/Desktop/Incubator/YoYo Code/stockery-backend/node_modules/express/lib/router/layer.js:95:5)\n    at trim_prefix (/Users/harishkumarmatta/Desktop/Incubator/YoYo Code/stockery-backend/node_modules/express/lib/router/index.js:317:13)\n    at /Users/harishkumarmatta/Desktop/Incubator/YoYo Code/stockery-backend/node_modules/express/lib/router/index.js:284:7\n    at Function.process_params (/Users/harishkumarmatta/Desktop/Incubator/YoYo Code/stockery-backend/node_modules/express/lib/router/index.js:335:12)\n    at next (/Users/harishkumarmatta/Desktop/Incubator/YoYo Code/stockery-backend/node_modules/express/lib/router/index.js:275:10)\n    at module.exports (/Users/harishkumarmatta/Desktop/Incubator/YoYo Code/stockery-backend/src/app/middlewares/bindDB.js:4:3)","level":"error"}
{"message":"::1 - - [13/Jul/2019:19:56:35 +0000] \"GET /api/v1/villages HTTP/1.1\" 404 2 \"-\" \"PostmanRuntime/7.15.0\"\n","level":"info"}
{"message":"::1 - - [13/Jul/2019:19:57:05 +0000] \"GET /api/v1/villages/all HTTP/1.1\" 200 181 \"-\" \"PostmanRuntime/7.15.0\"\n","level":"info"}
{"message":"::1 - - [13/Jul/2019:19:57:12 +0000] \"POST /api/v1/villages HTTP/1.1\" 200 179 \"-\" \"PostmanRuntime/7.15.0\"\n","level":"info"}
{"message":"::1 - - [13/Jul/2019:19:57:15 +0000] \"GET /api/v1/villages/all HTTP/1.1\" 200 361 \"-\" \"PostmanRuntime/7.15.0\"\n","level":"info"}
{"message":"Express app started on port 3000","level":"info"}
{"message":"::1 - - [13/Jul/2019:19:58:34 +0000] \"POST /api/v1/villages HTTP/1.1\" 200 179 \"-\" \"PostmanRuntime/7.15.0\"\n","level":"info"}
{"message":"::1 - - [13/Jul/2019:19:58:40 +0000] \"GET /api/v1/villages/all HTTP/1.1\" 200 541 \"-\" \"PostmanRuntime/7.15.0\"\n","level":"info"}
{"message":"::1 - - [13/Jul/2019:20:01:47 +0000] \"POST /api/v1/villages HTTP/1.1\" 200 179 \"-\" \"PostmanRuntime/7.15.0\"\n","level":"info"}
{"message":"::1 - - [13/Jul/2019:20:01:49 +0000] \"GET /api/v1/villages/all HTTP/1.1\" 200 181 \"-\" \"PostmanRuntime/7.15.0\"\n","level":"info"}
{"message":"::1 - - [13/Jul/2019:20:01:52 +0000] \"POST /api/v1/villages HTTP/1.1\" 200 179 \"-\" \"PostmanRuntime/7.15.0\"\n","level":"info"}
{"message":"::1 - - [13/Jul/2019:20:01:55 +0000] \"GET /api/v1/villages/all HTTP/1.1\" 200 361 \"-\" \"PostmanRuntime/7.15.0\"\n","level":"info"}
{"message":"::1 - - [13/Jul/2019:20:07:07 +0000] \"POST /api/v1/villages HTTP/1.1\" 200 179 \"-\" \"PostmanRuntime/7.15.0\"\n","level":"info"}
{"message":"::1 - - [13/Jul/2019:20:07:09 +0000] \"POST /api/v1/villages HTTP/1.1\" 200 179 \"-\" \"PostmanRuntime/7.15.0\"\n","level":"info"}
{"message":"::1 - - [13/Jul/2019:20:07:13 +0000] \"GET /api/v1/villages/all HTTP/1.1\" 200 361 \"-\" \"PostmanRuntime/7.15.0\"\n","level":"info"}
{"message":"Express app started on port 3000","level":"info"}
{"message":"::1 - - [13/Jul/2019:20:11:09 +0000] \"POST /api/v1/villages HTTP/1.1\" 200 179 \"-\" \"PostmanRuntime/7.15.0\"\n","level":"info"}
{"message":"::1 - - [13/Jul/2019:20:11:10 +0000] \"POST /api/v1/villages HTTP/1.1\" 200 179 \"-\" \"PostmanRuntime/7.15.0\"\n","level":"info"}
{"message":"::1 - - [13/Jul/2019:20:11:13 +0000] \"GET /api/v1/villages/all HTTP/1.1\" 200 721 \"-\" \"PostmanRuntime/7.15.0\"\n","level":"info"}
{"message":"Express app started on port 3000","level":"info"}
{"message":"Express app started on port 3000","level":"info"}
{"message":"::1 - - [13/Jul/2019:20:14:28 +0000] \"POST /api/v1/villages HTTP/1.1\" 200 179 \"-\" \"PostmanRuntime/7.15.0\"\n","level":"info"}
{"driver":true,"name":"MongoError","index":0,"code":11000,"errmsg":"E11000 duplicate key error collection: Tenant1.villages index: name_1 dup key: { : \"Sathupalli\" }","level":"error"}
{"message":"::1 - - [13/Jul/2019:20:14:30 +0000] \"POST /api/v1/villages HTTP/1.1\" 400 185 \"-\" \"PostmanRuntime/7.15.0\"\n","level":"info"}
{"message":"Express app started on port 3000","level":"info"}
{"driver":true,"name":"MongoError","index":0,"code":11000,"errmsg":"E11000 duplicate key error collection: Tenant1.villages index: name_1 dup key: { : \"Sathupalli\" }","level":"error"}
{"message":"::1 - - [13/Jul/2019:20:24:19 +0000] \"POST /api/v1/villages HTTP/1.1\" 400 185 \"-\" \"PostmanRuntime/7.15.0\"\n","level":"info"}
{"message":"::1 - - [13/Jul/2019:20:24:50 +0000] \"POST /api/v1/villages HTTP/1.1\" 200 179 \"-\" \"PostmanRuntime/7.15.0\"\n","level":"info"}
{"driver":true,"name":"MongoError","index":0,"code":11000,"errmsg":"E11000 duplicate key error collection: Tenant1.villages index: name_1 dup key: { : \"Sathupalli\" }","level":"error"}
{"message":"::1 - - [13/Jul/2019:20:24:52 +0000] \"POST /api/v1/villages HTTP/1.1\" 400 185 \"-\" \"PostmanRuntime/7.15.0\"\n","level":"info"}
{"message":"::1 - - [13/Jul/2019:20:27:47 +0000] \"POST /api/v1/villages HTTP/1.1\" 200 179 \"-\" \"PostmanRuntime/7.15.0\"\n","level":"info"}
{"message":"::1 - - [13/Jul/2019:20:28:38 +0000] \"POST /api/v1/villages HTTP/1.1\" 200 179 \"-\" \"PostmanRuntime/7.15.0\"\n","level":"info"}
{"message":"::1 - - [13/Jul/2019:20:28:43 +0000] \"GET /api/v1/villages/all HTTP/1.1\" 200 361 \"-\" \"PostmanRuntime/7.15.0\"\n","level":"info"}
{"message":"::1 - - [13/Jul/2019:20:29:44 +0000] \"POST /api/v1/villages HTTP/1.1\" 200 179 \"-\" \"PostmanRuntime/7.15.0\"\n","level":"info"}
{"message":"::1 - - [13/Jul/2019:20:29:46 +0000] \"POST /api/v1/villages HTTP/1.1\" 200 179 \"-\" \"PostmanRuntime/7.15.0\"\n","level":"info"}
{"message":"Express app started on port 3000","level":"info"}
{"message":"::1 - - [13/Jul/2019:20:31:52 +0000] \"POST /api/v1/villages HTTP/1.1\" 200 179 \"-\" \"PostmanRuntime/7.15.0\"\n","level":"info"}
{"driver":true,"name":"MongoError","index":0,"code":11000,"errmsg":"E11000 duplicate key error collection: Tenant1.villages index: name_1 dup key: { : \"Sathupalli\" }","level":"error"}
{"message":"::1 - - [13/Jul/2019:20:31:55 +0000] \"POST /api/v1/villages HTTP/1.1\" 400 185 \"-\" \"PostmanRuntime/7.15.0\"\n","level":"info"}
{"message":"Express app started on port 3000","level":"info"}
{"message":"::1 - - [13/Jul/2019:20:33:13 +0000] \"POST /api/v1/villages HTTP/1.1\" 200 179 \"-\" \"PostmanRuntime/7.15.0\"\n","level":"info"}
{"message":"::1 - - [13/Jul/2019:20:33:16 +0000] \"POST /api/v1/villages HTTP/1.1\" 200 179 \"-\" \"PostmanRuntime/7.15.0\"\n","level":"info"}
{"message":"::1 - - [13/Jul/2019:20:33:27 +0000] \"POST /api/v1/villages HTTP/1.1\" 200 175 \"-\" \"PostmanRuntime/7.15.0\"\n","level":"info"}
{"message":"::1 - - [13/Jul/2019:20:33:29 +0000] \"POST /api/v1/villages HTTP/1.1\" 200 175 \"-\" \"PostmanRuntime/7.15.0\"\n","level":"info"}
{"message":"::1 - - [13/Jul/2019:20:33:40 +0000] \"POST /api/v1/villages HTTP/1.1\" 200 178 \"-\" \"PostmanRuntime/7.15.0\"\n","level":"info"}
{"message":"::1 - - [13/Jul/2019:20:33:45 +0000] \"GET /api/v1/villages/all HTTP/1.1\" 200 892 \"-\" \"PostmanRuntime/7.15.0\"\n","level":"info"}
{"message":"Express app started on port 3000","level":"info"}
{"message":"::1 - - [13/Jul/2019:20:34:30 +0000] \"POST /api/v1/villages HTTP/1.1\" 200 179 \"-\" \"PostmanRuntime/7.15.0\"\n","level":"info"}
{"message":"::1 - - [13/Jul/2019:20:34:35 +0000] \"GET /api/v1/villages/all HTTP/1.1\" 200 1072 \"-\" \"PostmanRuntime/7.15.0\"\n","level":"info"}
{"message":"::1 - - [13/Jul/2019:20:35:57 +0000] \"GET /api/v1/villages/all HTTP/1.1\" 200 536 \"-\" \"PostmanRuntime/7.15.0\"\n","level":"info"}
{"message":"::1 - - [13/Jul/2019:20:36:01 +0000] \"POST /api/v1/villages HTTP/1.1\" 200 179 \"-\" \"PostmanRuntime/7.15.0\"\n","level":"info"}
{"message":"::1 - - [13/Jul/2019:20:36:08 +0000] \"GET /api/v1/villages/all HTTP/1.1\" 200 716 \"-\" \"PostmanRuntime/7.15.0\"\n","level":"info"}
{"message":"::1 - - [13/Jul/2019:20:36:59 +0000] \"POST /api/v1/villages HTTP/1.1\" 200 179 \"-\" \"PostmanRuntime/7.15.0\"\n","level":"info"}
{"message":"::1 - - [13/Jul/2019:20:37:02 +0000] \"POST /api/v1/villages HTTP/1.1\" 200 179 \"-\" \"PostmanRuntime/7.15.0\"\n","level":"info"}
{"message":"Express app started on port 3000","level":"info"}
{"message":"::1 - - [13/Jul/2019:20:48:30 +0000] \"POST /api/v1/villages HTTP/1.1\" 200 179 \"-\" \"PostmanRuntime/7.15.0\"\n","level":"info"}
{"message":"::1 - - [13/Jul/2019:20:48:32 +0000] \"POST /api/v1/villages HTTP/1.1\" 200 179 \"-\" \"PostmanRuntime/7.15.0\"\n","level":"info"}
{"message":"Express app started on port 3000","level":"info"}
{"message":"::1 - - [13/Jul/2019:20:49:36 +0000] \"POST /api/v1/villages HTTP/1.1\" 200 179 \"-\" \"PostmanRuntime/7.15.0\"\n","level":"info"}
{"message":"::1 - - [13/Jul/2019:20:49:44 +0000] \"GET /api/v1/villages/all HTTP/1.1\" 200 541 \"-\" \"PostmanRuntime/7.15.0\"\n","level":"info"}
{"message":"Express app started on port 3000","level":"info"}
{"message":"Express app started on port 3000","level":"info"}
{"message":"Express app started on port 3000","level":"info"}
{"message":"Express app started on port 3000","level":"info"}
{"message":"Express app started on port 3000","level":"info"}
{"message":"Express app started on port 3000","level":"info"}
{"message":"Express app started on port 3000","level":"info"}
{"message":"::1 - - [13/Jul/2019:21:10:44 +0000] \"POST /api/v1/villages HTTP/1.1\" 200 179 \"-\" \"PostmanRuntime/7.15.0\"\n","level":"info"}
{"message":"::1 - - [13/Jul/2019:21:10:48 +0000] \"GET /api/v1/villages/all HTTP/1.1\" 200 181 \"-\" \"PostmanRuntime/7.15.0\"\n","level":"info"}
{"message":"::1 - - [13/Jul/2019:21:11:11 +0000] \"GET /api/v1/villages/5d2a48d45626a57438ebc2bc HTTP/1.1\" 404 71 \"-\" \"PostmanRuntime/7.15.0\"\n","level":"info"}
{"message":"Express app started on port 3000","level":"info"}
{"message":"TypeError: Converting circular structure to JSON\n    at JSON.stringify (<anonymous>)\n    at stringify (/Users/harishkumarmatta/Desktop/Incubator/YoYo Code/stockery-backend/node_modules/express/lib/response.js:1119:12)\n    at ServerResponse.json (/Users/harishkumarmatta/Desktop/Incubator/YoYo Code/stockery-backend/node_modules/express/lib/response.js:260:14)\n    at ServerResponse.send (/Users/harishkumarmatta/Desktop/Incubator/YoYo Code/stockery-backend/node_modules/express/lib/response.js:158:21)\n    at getVillage (/Users/harishkumarmatta/Desktop/Incubator/YoYo Code/stockery-backend/src/app/controllers/villages.js:37:9)\n    at Layer.handle [as handle_request] (/Users/harishkumarmatta/Desktop/Incubator/YoYo Code/stockery-backend/node_modules/express/lib/router/layer.js:95:5)\n    at next (/Users/harishkumarmatta/Desktop/Incubator/YoYo Code/stockery-backend/node_modules/express/lib/router/route.js:137:13)\n    at Route.dispatch (/Users/harishkumarmatta/Desktop/Incubator/YoYo Code/stockery-backend/node_modules/express/lib/router/route.js:112:3)\n    at Layer.handle [as handle_request] (/Users/harishkumarmatta/Desktop/Incubator/YoYo Code/stockery-backend/node_modules/express/lib/router/layer.js:95:5)\n    at /Users/harishkumarmatta/Desktop/Incubator/YoYo Code/stockery-backend/node_modules/express/lib/router/index.js:281:22\n    at Function.process_params (/Users/harishkumarmatta/Desktop/Incubator/YoYo Code/stockery-backend/node_modules/express/lib/router/index.js:335:12)\n    at next (/Users/harishkumarmatta/Desktop/Incubator/YoYo Code/stockery-backend/node_modules/express/lib/router/index.js:275:10)\n    at Function.handle (/Users/harishkumarmatta/Desktop/Incubator/YoYo Code/stockery-backend/node_modules/express/lib/router/index.js:174:3)\n    at router (/Users/harishkumarmatta/Desktop/Incubator/YoYo Code/stockery-backend/node_modules/express/lib/router/index.js:47:12)\n    at Layer.handle [as handle_request] (/Users/harishkumarmatta/Desktop/Incubator/YoYo Code/stockery-backend/node_modules/express/lib/router/layer.js:95:5)\n    at trim_prefix (/Users/harishkumarmatta/Desktop/Incubator/YoYo Code/stockery-backend/node_modules/express/lib/router/index.js:317:13)","level":"error"}
{"message":"::1 - - [13/Jul/2019:21:12:05 +0000] \"GET /api/v1/villages?id=5d2a48d45626a57438ebc2bc HTTP/1.1\" 404 2 \"-\" \"PostmanRuntime/7.15.0\"\n","level":"info"}
{"message":"Express app started on port 3000","level":"info"}
{"message":"TypeError: Converting circular structure to JSON\n    at JSON.stringify (<anonymous>)\n    at stringify (/Users/harishkumarmatta/Desktop/Incubator/YoYo Code/stockery-backend/node_modules/express/lib/response.js:1119:12)\n    at ServerResponse.json (/Users/harishkumarmatta/Desktop/Incubator/YoYo Code/stockery-backend/node_modules/express/lib/response.js:260:14)\n    at ServerResponse.send (/Users/harishkumarmatta/Desktop/Incubator/YoYo Code/stockery-backend/node_modules/express/lib/response.js:158:21)\n    at getVillage (/Users/harishkumarmatta/Desktop/Incubator/YoYo Code/stockery-backend/src/app/controllers/villages.js:38:9)\n    at Layer.handle [as handle_request] (/Users/harishkumarmatta/Desktop/Incubator/YoYo Code/stockery-backend/node_modules/express/lib/router/layer.js:95:5)\n    at next (/Users/harishkumarmatta/Desktop/Incubator/YoYo Code/stockery-backend/node_modules/express/lib/router/route.js:137:13)\n    at Route.dispatch (/Users/harishkumarmatta/Desktop/Incubator/YoYo Code/stockery-backend/node_modules/express/lib/router/route.js:112:3)\n    at Layer.handle [as handle_request] (/Users/harishkumarmatta/Desktop/Incubator/YoYo Code/stockery-backend/node_modules/express/lib/router/layer.js:95:5)\n    at /Users/harishkumarmatta/Desktop/Incubator/YoYo Code/stockery-backend/node_modules/express/lib/router/index.js:281:22\n    at Function.process_params (/Users/harishkumarmatta/Desktop/Incubator/YoYo Code/stockery-backend/node_modules/express/lib/router/index.js:335:12)\n    at next (/Users/harishkumarmatta/Desktop/Incubator/YoYo Code/stockery-backend/node_modules/express/lib/router/index.js:275:10)\n    at Function.handle (/Users/harishkumarmatta/Desktop/Incubator/YoYo Code/stockery-backend/node_modules/express/lib/router/index.js:174:3)\n    at router (/Users/harishkumarmatta/Desktop/Incubator/YoYo Code/stockery-backend/node_modules/express/lib/router/index.js:47:12)\n    at Layer.handle [as handle_request] (/Users/harishkumarmatta/Desktop/Incubator/YoYo Code/stockery-backend/node_modules/express/lib/router/layer.js:95:5)\n    at trim_prefix (/Users/harishkumarmatta/Desktop/Incubator/YoYo Code/stockery-backend/node_modules/express/lib/router/index.js:317:13)","level":"error"}
{"message":"::1 - - [13/Jul/2019:21:12:47 +0000] \"GET /api/v1/villages?id=5d2a48d45626a57438ebc2bc HTTP/1.1\" 404 2 \"-\" \"PostmanRuntime/7.15.0\"\n","level":"info"}
{"message":"Express app started on port 3000","level":"info"}
{"message":"TypeError: Converting circular structure to JSON\n    at JSON.stringify (<anonymous>)\n    at stringify (/Users/harishkumarmatta/Desktop/Incubator/YoYo Code/stockery-backend/node_modules/express/lib/response.js:1119:12)\n    at ServerResponse.json (/Users/harishkumarmatta/Desktop/Incubator/YoYo Code/stockery-backend/node_modules/express/lib/response.js:260:14)\n    at ServerResponse.send (/Users/harishkumarmatta/Desktop/Incubator/YoYo Code/stockery-backend/node_modules/express/lib/response.js:158:21)\n    at getVillage (/Users/harishkumarmatta/Desktop/Incubator/YoYo Code/stockery-backend/src/app/controllers/villages.js:38:9)\n    at Layer.handle [as handle_request] (/Users/harishkumarmatta/Desktop/Incubator/YoYo Code/stockery-backend/node_modules/express/lib/router/layer.js:95:5)\n    at next (/Users/harishkumarmatta/Desktop/Incubator/YoYo Code/stockery-backend/node_modules/express/lib/router/route.js:137:13)\n    at Route.dispatch (/Users/harishkumarmatta/Desktop/Incubator/YoYo Code/stockery-backend/node_modules/express/lib/router/route.js:112:3)\n    at Layer.handle [as handle_request] (/Users/harishkumarmatta/Desktop/Incubator/YoYo Code/stockery-backend/node_modules/express/lib/router/layer.js:95:5)\n    at /Users/harishkumarmatta/Desktop/Incubator/YoYo Code/stockery-backend/node_modules/express/lib/router/index.js:281:22\n    at Function.process_params (/Users/harishkumarmatta/Desktop/Incubator/YoYo Code/stockery-backend/node_modules/express/lib/router/index.js:335:12)\n    at next (/Users/harishkumarmatta/Desktop/Incubator/YoYo Code/stockery-backend/node_modules/express/lib/router/index.js:275:10)\n    at Function.handle (/Users/harishkumarmatta/Desktop/Incubator/YoYo Code/stockery-backend/node_modules/express/lib/router/index.js:174:3)\n    at router (/Users/harishkumarmatta/Desktop/Incubator/YoYo Code/stockery-backend/node_modules/express/lib/router/index.js:47:12)\n    at Layer.handle [as handle_request] (/Users/harishkumarmatta/Desktop/Incubator/YoYo Code/stockery-backend/node_modules/express/lib/router/layer.js:95:5)\n    at trim_prefix (/Users/harishkumarmatta/Desktop/Incubator/YoYo Code/stockery-backend/node_modules/express/lib/router/index.js:317:13)","level":"error"}
{"message":"::1 - - [13/Jul/2019:21:13:47 +0000] \"GET /api/v1/villages?id=5d2a48d45626a57438ebc2bc HTTP/1.1\" 404 2 \"-\" \"PostmanRuntime/7.15.0\"\n","level":"info"}
{"message":"Express app started on port 3000","level":"info"}
{"message":"TypeError: Converting circular structure to JSON\n    at JSON.stringify (<anonymous>)\n    at stringify (/Users/harishkumarmatta/Desktop/Incubator/YoYo Code/stockery-backend/node_modules/express/lib/response.js:1119:12)\n    at ServerResponse.json (/Users/harishkumarmatta/Desktop/Incubator/YoYo Code/stockery-backend/node_modules/express/lib/response.js:260:14)\n    at ServerResponse.send (/Users/harishkumarmatta/Desktop/Incubator/YoYo Code/stockery-backend/node_modules/express/lib/response.js:158:21)\n    at getVillage (/Users/harishkumarmatta/Desktop/Incubator/YoYo Code/stockery-backend/src/app/controllers/villages.js:39:9)\n    at Layer.handle [as handle_request] (/Users/harishkumarmatta/Desktop/Incubator/YoYo Code/stockery-backend/node_modules/express/lib/router/layer.js:95:5)\n    at next (/Users/harishkumarmatta/Desktop/Incubator/YoYo Code/stockery-backend/node_modules/express/lib/router/route.js:137:13)\n    at Route.dispatch (/Users/harishkumarmatta/Desktop/Incubator/YoYo Code/stockery-backend/node_modules/express/lib/router/route.js:112:3)\n    at Layer.handle [as handle_request] (/Users/harishkumarmatta/Desktop/Incubator/YoYo Code/stockery-backend/node_modules/express/lib/router/layer.js:95:5)\n    at /Users/harishkumarmatta/Desktop/Incubator/YoYo Code/stockery-backend/node_modules/express/lib/router/index.js:281:22\n    at Function.process_params (/Users/harishkumarmatta/Desktop/Incubator/YoYo Code/stockery-backend/node_modules/express/lib/router/index.js:335:12)\n    at next (/Users/harishkumarmatta/Desktop/Incubator/YoYo Code/stockery-backend/node_modules/express/lib/router/index.js:275:10)\n    at Function.handle (/Users/harishkumarmatta/Desktop/Incubator/YoYo Code/stockery-backend/node_modules/express/lib/router/index.js:174:3)\n    at router (/Users/harishkumarmatta/Desktop/Incubator/YoYo Code/stockery-backend/node_modules/express/lib/router/index.js:47:12)\n    at Layer.handle [as handle_request] (/Users/harishkumarmatta/Desktop/Incubator/YoYo Code/stockery-backend/node_modules/express/lib/router/layer.js:95:5)\n    at trim_prefix (/Users/harishkumarmatta/Desktop/Incubator/YoYo Code/stockery-backend/node_modules/express/lib/router/index.js:317:13)","level":"error"}
{"message":"::1 - - [13/Jul/2019:21:14:11 +0000] \"GET /api/v1/villages?id=5d2a48d45626a57438ebc2bc HTTP/1.1\" 404 2 \"-\" \"PostmanRuntime/7.15.0\"\n","level":"info"}
{"message":"Express app started on port 3000","level":"info"}
{"message":"::1 - - [13/Jul/2019:21:14:51 +0000] \"GET /api/v1/villages?id=5d2a48d45626a57438ebc2bc HTTP/1.1\" 404 2 \"-\" \"PostmanRuntime/7.15.0\"\n","level":"info"}
{"message":"Express app started on port 3000","level":"info"}
{"message":"::1 - - [13/Jul/2019:21:15:37 +0000] \"GET /api/v1/villages?id=5d2a48d45626a57438ebc2bc HTTP/1.1\" 200 181 \"-\" \"PostmanRuntime/7.15.0\"\n","level":"info"}
{"message":"Express app started on port 3000","level":"info"}
{"message":"::1 - - [13/Jul/2019:21:16:06 +0000] \"GET /api/v1/villages?id=5d2a48d45626a57438ebc2bc HTTP/1.1\" 200 179 \"-\" \"PostmanRuntime/7.15.0\"\n","level":"info"}
{"message":"Express app started on port 3000","level":"info"}
{"message":"Express app started on port 3000","level":"info"}
{"message":"Express app started on port 3000","level":"info"}
{"message":"Express app started on port 3000","level":"info"}
{"message":"::1 - - [13/Jul/2019:21:18:55 +0000] \"GET /api/v1/villages?id=5d2a48d45626a57438ebc2bc HTTP/1.1\" 200 179 \"-\" \"PostmanRuntime/7.15.0\"\n","level":"info"}
{"message":"::1 - - [13/Jul/2019:21:19:14 +0000] \"GET /api/v1/villages HTTP/1.1\" 200 181 \"-\" \"PostmanRuntime/7.15.0\"\n","level":"info"}
{"errors":{"name":{"message":"Path `name` (`SPL`) is shorter than the minimum allowed length (4).","name":"ValidatorError","properties":{"message":"Path `name` (`SPL`) is shorter than the minimum allowed length (4).","type":"minlength","minlength":4,"path":"name","value":"SPL"},"kind":"minlength","path":"name","value":"SPL"}},"_message":"Village validation failed","message":"Village validation failed: name: Path `name` (`SPL`) is shorter than the minimum allowed length (4).","name":"ValidationError","level":"error"}
{"message":"::1 - - [13/Jul/2019:21:19:22 +0000] \"POST /api/v1/villages HTTP/1.1\" 400 521 \"-\" \"PostmanRuntime/7.15.0\"\n","level":"info"}
{"message":"Express app started on port 3000","level":"info"}
{"message":"::1 - - [13/Jul/2019:21:19:51 +0000] \"POST /api/v1/villages HTTP/1.1\" 200 172 \"-\" \"PostmanRuntime/7.15.0\"\n","level":"info"}
{"message":"::1 - - [13/Jul/2019:21:19:55 +0000] \"GET /api/v1/villages HTTP/1.1\" 200 354 \"-\" \"PostmanRuntime/7.15.0\"\n","level":"info"}
{"message":"::1 - - [13/Jul/2019:21:20:05 +0000] \"GET /api/v1/villages?id=5d2a4af7a453ab74cf5faeee HTTP/1.1\" 200 172 \"-\" \"PostmanRuntime/7.15.0\"\n","level":"info"}
{"message":"::1 - - [13/Jul/2019:21:20:34 +0000] \"PATCH /api/v1/villages/5d2a4af7a453ab74cf5faeee HTTP/1.1\" 200 177 \"-\" \"PostmanRuntime/7.15.0\"\n","level":"info"}
{"message":"::1 - - [13/Jul/2019:21:20:38 +0000] \"GET /api/v1/villages?id=5d2a4af7a453ab74cf5faeee HTTP/1.1\" 200 177 \"-\" \"PostmanRuntime/7.15.0\"\n","level":"info"}
{"message":"::1 - - [13/Jul/2019:21:20:48 +0000] \"GET /api/v1/villages HTTP/1.1\" 200 359 \"-\" \"PostmanRuntime/7.15.0\"\n","level":"info"}
{"message":"::1 - - [13/Jul/2019:21:20:57 +0000] \"DELETE /api/v1/villages/5d2a4af7a453ab74cf5faeee HTTP/1.1\" 200 177 \"-\" \"PostmanRuntime/7.15.0\"\n","level":"info"}
{"message":"::1 - - [13/Jul/2019:21:21:02 +0000] \"GET /api/v1/villages HTTP/1.1\" 200 181 \"-\" \"PostmanRuntime/7.15.0\"\n","level":"info"}
{"message":"Express app started on port 3000","level":"info"}
{"message":"Express app started on port 3000","level":"info"}
{"message":"Express app started on port 3000","level":"info"}
{"message":"Express app started on port 3000","level":"info"}
{"message":"Express app started on port 3000","level":"info"}
{"message":"Express app started on port 3000","level":"info"}
{"message":"Express app started on port 3000","level":"info"}
{"message":"Express app started on port 3000","level":"info"}
{"message":"Express app started on port 3000","level":"info"}
{"message":"Express app started on port 3000","level":"info"}
{"message":"::1 - - [14/Jul/2019:06:47:39 +0000] \"GET /api/v1/villages HTTP/1.1\" 200 2 \"-\" \"PostmanRuntime/7.15.0\"\n","level":"info"}
{"message":"::1 - - [14/Jul/2019:06:47:57 +0000] \"POST /api/v1/villages HTTP/1.1\" 200 186 \"-\" \"PostmanRuntime/7.15.0\"\n","level":"info"}
{"message":"::1 - - [14/Jul/2019:06:48:13 +0000] \"GET /api/v1/villages HTTP/1.1\" 200 188 \"-\" \"PostmanRuntime/7.15.0\"\n","level":"info"}
{"message":"::1 - - [14/Jul/2019:06:48:41 +0000] \"PATCH /api/v1/villages/5d2ad01d71b3027bf605228a HTTP/1.1\" 200 232 \"-\" \"PostmanRuntime/7.15.0\"\n","level":"info"}
{"message":"::1 - - [14/Jul/2019:06:48:50 +0000] \"PATCH /api/v1/villages/5d2ad01d71b3027bf605228a HTTP/1.1\" 200 232 \"-\" \"PostmanRuntime/7.15.0\"\n","level":"info"}
{"message":"::1 - - [14/Jul/2019:06:49:07 +0000] \"POST /api/v1/villages HTTP/1.1\" 200 186 \"-\" \"PostmanRuntime/7.15.0\"\n","level":"info"}
{"message":"MongoError: E11000 duplicate key error collection: Tenant1.villages index: name_1 dup key: { : \"SPL\" }\n    at Function.create (/Users/harishkumarmatta/Desktop/Incubator/YoYo Code/stockery-backend/node_modules/mongodb-core/lib/error.js:43:12)\n    at toError (/Users/harishkumarmatta/Desktop/Incubator/YoYo Code/stockery-backend/node_modules/mongodb/lib/utils.js:149:22)\n    at coll.s.topology.insert (/Users/harishkumarmatta/Desktop/Incubator/YoYo Code/stockery-backend/node_modules/mongodb/lib/operations/collection_ops.js:859:39)\n    at /Users/harishkumarmatta/Desktop/Incubator/YoYo Code/stockery-backend/node_modules/mongodb-core/lib/connection/pool.js:397:18\n    at process._tickCallback (internal/process/next_tick.js:61:11)","level":"error"}
{"message":"::1 - - [14/Jul/2019:06:49:09 +0000] \"POST /api/v1/villages HTTP/1.1\" 400 162 \"-\" \"PostmanRuntime/7.15.0\"\n","level":"info"}
{"message":"::1 - - [14/Jul/2019:06:49:30 +0000] \"GET /api/v1/villages HTTP/1.1\" 200 421 \"-\" \"PostmanRuntime/7.15.0\"\n","level":"info"}
{"message":"::1 - - [14/Jul/2019:06:49:42 +0000] \"GET /api/v1/villages?id=5d2ad06371b3027bf605228b HTTP/1.1\" 200 186 \"-\" \"PostmanRuntime/7.15.0\"\n","level":"info"}
{"message":"::1 - - [14/Jul/2019:06:49:56 +0000] \"DELETE /api/v1/villages/5d2ad06371b3027bf605228b HTTP/1.1\" 200 186 \"-\" \"PostmanRuntime/7.15.0\"\n","level":"info"}
{"message":"::1 - - [14/Jul/2019:06:50:07 +0000] \"GET /api/v1/villages HTTP/1.1\" 200 234 \"-\" \"PostmanRuntime/7.15.0\"\n","level":"info"}
{"message":"::1 - - [14/Jul/2019:06:51:09 +0000] \"GET /api/v1/villages HTTP/1.1\" 200 234 \"-\" \"PostmanRuntime/7.15.0\"\n","level":"info"}
{"message":"Express app started on port 3000","level":"info"}
{"message":"::1 - - [14/Jul/2019:06:52:33 +0000] \"GET /api/v1/villages HTTP/1.1\" 200 2 \"-\" \"PostmanRuntime/7.15.0\"\n","level":"info"}
{"message":"::1 - - [14/Jul/2019:06:52:45 +0000] \"POST /api/v1/villages HTTP/1.1\" 200 186 \"-\" \"PostmanRuntime/7.15.0\"\n","level":"info"}
{"message":"Express app started on port 3000","level":"info"}
{"message":"Express app started on port 3000","level":"info"}
{"message":"Express app started on port 3000","level":"info"}
{"message":"Express app started on port 3000","level":"info"}
{"message":"Express app started on port 3000","level":"info"}
{"message":"Express app started on port 3000","level":"info"}
{"message":"Express app started on port 3000","level":"info"}
{"message":"::1 - - [14/Jul/2019:07:08:58 +0000] \"GET /api/v1/villages HTTP/1.1\" 200 188 \"-\" \"PostmanRuntime/7.15.0\"\n","level":"info"}
{"message":"Express app started on port 3000","level":"info"}
{"message":"Express app started on port 3000","level":"info"}
{"message":"::1 - - [14/Jul/2019:07:09:18 +0000] \"GET /api/v1/villages HTTP/1.1\" 200 188 \"-\" \"PostmanRuntime/7.15.0\"\n","level":"info"}
{"message":"Express app started on port 3000","level":"info"}
{"message":"Express app started on port 3000","level":"info"}
{"message":"Express app started on port 3000","level":"info"}
{"message":"Express app started on port 3000","level":"info"}
{"message":"::1 - - [14/Jul/2019:07:32:00 +0000] \"POST /api/v1/villages HTTP/1.1\" 200 191 \"-\" \"PostmanRuntime/7.15.0\"\n","level":"info"}
{"message":"Express app started on port 3000","level":"info"}
{"message":"Express app started on port 3000","level":"info"}
{"message":"Express app started on port 3000","level":"info"}
{"message":"ReferenceError: req is not defined\n    at Object.post (/Users/harishkumarmatta/Desktop/Incubator/YoYo Code/stockery-backend/src/app/helpers/query.js:6:50)\n    at createVillage (/Users/harishkumarmatta/Desktop/Incubator/YoYo Code/stockery-backend/src/app/controllers/villages.js:20:31)\n    at Layer.handle [as handle_request] (/Users/harishkumarmatta/Desktop/Incubator/YoYo Code/stockery-backend/node_modules/express/lib/router/layer.js:95:5)\n    at next (/Users/harishkumarmatta/Desktop/Incubator/YoYo Code/stockery-backend/node_modules/express/lib/router/route.js:137:13)\n    at Route.dispatch (/Users/harishkumarmatta/Desktop/Incubator/YoYo Code/stockery-backend/node_modules/express/lib/router/route.js:112:3)\n    at Layer.handle [as handle_request] (/Users/harishkumarmatta/Desktop/Incubator/YoYo Code/stockery-backend/node_modules/express/lib/router/layer.js:95:5)\n    at /Users/harishkumarmatta/Desktop/Incubator/YoYo Code/stockery-backend/node_modules/express/lib/router/index.js:281:22\n    at Function.process_params (/Users/harishkumarmatta/Desktop/Incubator/YoYo Code/stockery-backend/node_modules/express/lib/router/index.js:335:12)\n    at next (/Users/harishkumarmatta/Desktop/Incubator/YoYo Code/stockery-backend/node_modules/express/lib/router/index.js:275:10)\n    at Function.handle (/Users/harishkumarmatta/Desktop/Incubator/YoYo Code/stockery-backend/node_modules/express/lib/router/index.js:174:3)\n    at router (/Users/harishkumarmatta/Desktop/Incubator/YoYo Code/stockery-backend/node_modules/express/lib/router/index.js:47:12)\n    at Layer.handle [as handle_request] (/Users/harishkumarmatta/Desktop/Incubator/YoYo Code/stockery-backend/node_modules/express/lib/router/layer.js:95:5)\n    at trim_prefix (/Users/harishkumarmatta/Desktop/Incubator/YoYo Code/stockery-backend/node_modules/express/lib/router/index.js:317:13)\n    at /Users/harishkumarmatta/Desktop/Incubator/YoYo Code/stockery-backend/node_modules/express/lib/router/index.js:284:7\n    at Function.process_params (/Users/harishkumarmatta/Desktop/Incubator/YoYo Code/stockery-backend/node_modules/express/lib/router/index.js:335:12)\n    at next (/Users/harishkumarmatta/Desktop/Incubator/YoYo Code/stockery-backend/node_modules/express/lib/router/index.js:275:10)","level":"error"}
{"message":"::1 - - [14/Jul/2019:07:43:58 +0000] \"POST /api/v1/villages HTTP/1.1\" 400 2 \"-\" \"PostmanRuntime/7.15.0\"\n","level":"info"}
{"message":"Express app started on port 3000","level":"info"}
{"message":"Express app started on port 3000","level":"info"}
{"message":"Express app started on port 3000","level":"info"}
{"message":"::1 - - [14/Jul/2019:07:44:48 +0000] \"POST /api/v1/villages HTTP/1.1\" 200 192 \"-\" \"PostmanRuntime/7.15.0\"\n","level":"info"}
{"message":"Express app started on port 3000","level":"info"}
{"message":"Express app started on port 3000","level":"info"}
{"message":"Express app started on port 3000","level":"info"}
{"message":"Express app started on port 3000","level":"info"}
{"message":"Express app started on port 3000","level":"info"}
{"message":"Express app started on port 3000","level":"info"}
{"message":"Express app started on port 3000","level":"info"}
{"message":"::1 - - [14/Jul/2019:07:51:51 +0000] \"PATCH /api/v1/villages/5d2add706c11307d86c6c079 HTTP/1.1\" 200 2 \"-\" \"PostmanRuntime/7.15.0\"\n","level":"info"}
{"message":"Express app started on port 3000","level":"info"}
{"message":"::1 - - [14/Jul/2019:07:52:29 +0000] \"PATCH /api/v1/villages/5d2add706c11307d86c6c079 HTTP/1.1\" 200 232 \"-\" \"PostmanRuntime/7.15.0\"\n","level":"info"}
{"message":"::1 - - [14/Jul/2019:07:53:00 +0000] \"PATCH /api/v1/villages/5d2add706c11307d86c6c079 HTTP/1.1\" 200 226 \"-\" \"PostmanRuntime/7.15.0\"\n","level":"info"}
{"message":"Express app started on port 3000","level":"info"}
{"message":"Express app started on port 3000","level":"info"}
{"message":"Express app started on port 3000","level":"info"}
{"message":"Express app started on port 3000","level":"info"}
{"message":"Express app started on port 3000","level":"info"}
{"message":"Express app started on port 3000","level":"info"}
{"message":"Express app started on port 3000","level":"info"}
{"message":"Express app started on port 3000","level":"info"}
{"message":"Express app started on port 3000","level":"info"}
{"message":"Express app started on port 3000","level":"info"}
{"message":"Express app started on port 3000","level":"info"}
{"message":"Express app started on port 3000","level":"info"}
{"message":"Express app started on port 3000","level":"info"}
{"message":"Express app started on port 3000","level":"info"}
{"message":"Express app started on port 3000","level":"info"}
{"message":"Express app started on port 3000","level":"info"}
{"message":"Express app started on port 3000","level":"info"}
{"message":"::1 - - [14/Jul/2019:08:07:33 +0000] \"GET /api/v1/villages HTTP/1.1\" 200 2 \"-\" \"PostmanRuntime/7.15.0\"\n","level":"info"}
{"message":"TypeError: Cannot read property '_id' of undefined\n    at Object.post (/Users/harishkumarmatta/Desktop/Incubator/YoYo Code/stockery-backend/src/app/helpers/query.js:6:55)\n    at createVillage (/Users/harishkumarmatta/Desktop/Incubator/YoYo Code/stockery-backend/src/app/controllers/villages.js:16:31)\n    at Layer.handle [as handle_request] (/Users/harishkumarmatta/Desktop/Incubator/YoYo Code/stockery-backend/node_modules/express/lib/router/layer.js:95:5)\n    at next (/Users/harishkumarmatta/Desktop/Incubator/YoYo Code/stockery-backend/node_modules/express/lib/router/route.js:137:13)\n    at Route.dispatch (/Users/harishkumarmatta/Desktop/Incubator/YoYo Code/stockery-backend/node_modules/express/lib/router/route.js:112:3)\n    at Layer.handle [as handle_request] (/Users/harishkumarmatta/Desktop/Incubator/YoYo Code/stockery-backend/node_modules/express/lib/router/layer.js:95:5)\n    at /Users/harishkumarmatta/Desktop/Incubator/YoYo Code/stockery-backend/node_modules/express/lib/router/index.js:281:22\n    at Function.process_params (/Users/harishkumarmatta/Desktop/Incubator/YoYo Code/stockery-backend/node_modules/express/lib/router/index.js:335:12)\n    at next (/Users/harishkumarmatta/Desktop/Incubator/YoYo Code/stockery-backend/node_modules/express/lib/router/index.js:275:10)\n    at Function.handle (/Users/harishkumarmatta/Desktop/Incubator/YoYo Code/stockery-backend/node_modules/express/lib/router/index.js:174:3)\n    at router (/Users/harishkumarmatta/Desktop/Incubator/YoYo Code/stockery-backend/node_modules/express/lib/router/index.js:47:12)\n    at Layer.handle [as handle_request] (/Users/harishkumarmatta/Desktop/Incubator/YoYo Code/stockery-backend/node_modules/express/lib/router/layer.js:95:5)\n    at trim_prefix (/Users/harishkumarmatta/Desktop/Incubator/YoYo Code/stockery-backend/node_modules/express/lib/router/index.js:317:13)\n    at /Users/harishkumarmatta/Desktop/Incubator/YoYo Code/stockery-backend/node_modules/express/lib/router/index.js:284:7\n    at Function.process_params (/Users/harishkumarmatta/Desktop/Incubator/YoYo Code/stockery-backend/node_modules/express/lib/router/index.js:335:12)\n    at next (/Users/harishkumarmatta/Desktop/Incubator/YoYo Code/stockery-backend/node_modules/express/lib/router/index.js:275:10)","level":"error"}
{"message":"::1 - - [14/Jul/2019:08:07:38 +0000] \"POST /api/v1/villages HTTP/1.1\" 400 2 \"-\" \"PostmanRuntime/7.15.0\"\n","level":"info"}
{"message":"Express app started on port 3000","level":"info"}
{"message":"ReferenceError: user is not defined\n    at createVillage (/Users/harishkumarmatta/Desktop/Incubator/YoYo Code/stockery-backend/src/app/controllers/villages.js:16:77)\n    at Layer.handle [as handle_request] (/Users/harishkumarmatta/Desktop/Incubator/YoYo Code/stockery-backend/node_modules/express/lib/router/layer.js:95:5)\n    at next (/Users/harishkumarmatta/Desktop/Incubator/YoYo Code/stockery-backend/node_modules/express/lib/router/route.js:137:13)\n    at Route.dispatch (/Users/harishkumarmatta/Desktop/Incubator/YoYo Code/stockery-backend/node_modules/express/lib/router/route.js:112:3)\n    at Layer.handle [as handle_request] (/Users/harishkumarmatta/Desktop/Incubator/YoYo Code/stockery-backend/node_modules/express/lib/router/layer.js:95:5)\n    at /Users/harishkumarmatta/Desktop/Incubator/YoYo Code/stockery-backend/node_modules/express/lib/router/index.js:281:22\n    at Function.process_params (/Users/harishkumarmatta/Desktop/Incubator/YoYo Code/stockery-backend/node_modules/express/lib/router/index.js:335:12)\n    at next (/Users/harishkumarmatta/Desktop/Incubator/YoYo Code/stockery-backend/node_modules/express/lib/router/index.js:275:10)\n    at Function.handle (/Users/harishkumarmatta/Desktop/Incubator/YoYo Code/stockery-backend/node_modules/express/lib/router/index.js:174:3)\n    at router (/Users/harishkumarmatta/Desktop/Incubator/YoYo Code/stockery-backend/node_modules/express/lib/router/index.js:47:12)\n    at Layer.handle [as handle_request] (/Users/harishkumarmatta/Desktop/Incubator/YoYo Code/stockery-backend/node_modules/express/lib/router/layer.js:95:5)\n    at trim_prefix (/Users/harishkumarmatta/Desktop/Incubator/YoYo Code/stockery-backend/node_modules/express/lib/router/index.js:317:13)\n    at /Users/harishkumarmatta/Desktop/Incubator/YoYo Code/stockery-backend/node_modules/express/lib/router/index.js:284:7\n    at Function.process_params (/Users/harishkumarmatta/Desktop/Incubator/YoYo Code/stockery-backend/node_modules/express/lib/router/index.js:335:12)\n    at next (/Users/harishkumarmatta/Desktop/Incubator/YoYo Code/stockery-backend/node_modules/express/lib/router/index.js:275:10)\n    at module.exports (/Users/harishkumarmatta/Desktop/Incubator/YoYo Code/stockery-backend/src/app/middlewares/bindDB.js:4:3)","level":"error"}
{"message":"::1 - - [14/Jul/2019:08:08:24 +0000] \"POST /api/v1/villages HTTP/1.1\" 400 2 \"-\" \"PostmanRuntime/7.15.0\"\n","level":"info"}
{"message":"Express app started on port 3000","level":"info"}
{"message":"::1 - - [14/Jul/2019:08:08:45 +0000] \"POST /api/v1/villages HTTP/1.1\" 200 192 \"-\" \"PostmanRuntime/7.15.0\"\n","level":"info"}
{"message":"::1 - - [14/Jul/2019:08:24:19 +0000] \"GET /api/v1/villages HTTP/1.1\" 200 194 \"-\" \"PostmanRuntime/7.15.0\"\n","level":"info"}
{"message":"::1 - - [14/Jul/2019:08:24:30 +0000] \"POST /api/v1/villages HTTP/1.1\" 200 186 \"-\" \"PostmanRuntime/7.15.0\"\n","level":"info"}
{"message":"::1 - - [14/Jul/2019:08:24:36 +0000] \"GET /api/v1/villages HTTP/1.1\" 200 381 \"-\" \"PostmanRuntime/7.15.0\"\n","level":"info"}
{"message":"::1 - - [14/Jul/2019:08:25:02 +0000] \"GET /api/v1/villages?id=5d2ae6beae85387efa7903c8 HTTP/1.1\" 200 188 \"-\" \"PostmanRuntime/7.15.0\"\n","level":"info"}
{"message":"::1 - - [14/Jul/2019:08:25:55 +0000] \"PATCH /api/v1/villages/5d2ae6beae85387efa7903c8 HTTP/1.1\" 200 228 \"-\" \"PostmanRuntime/7.15.0\"\n","level":"info"}
{"message":"TypeError: Cannot read property '_id' of undefined\n    at Object.delete (/Users/harishkumarmatta/Desktop/Incubator/YoYo Code/stockery-backend/src/app/helpers/query.js:18:40)\n    at deleteVillage (/Users/harishkumarmatta/Desktop/Incubator/YoYo Code/stockery-backend/src/app/controllers/villages.js:70:37)\n    at Layer.handle [as handle_request] (/Users/harishkumarmatta/Desktop/Incubator/YoYo Code/stockery-backend/node_modules/express/lib/router/layer.js:95:5)\n    at next (/Users/harishkumarmatta/Desktop/Incubator/YoYo Code/stockery-backend/node_modules/express/lib/router/route.js:137:13)\n    at Route.dispatch (/Users/harishkumarmatta/Desktop/Incubator/YoYo Code/stockery-backend/node_modules/express/lib/router/route.js:112:3)\n    at Layer.handle [as handle_request] (/Users/harishkumarmatta/Desktop/Incubator/YoYo Code/stockery-backend/node_modules/express/lib/router/layer.js:95:5)\n    at /Users/harishkumarmatta/Desktop/Incubator/YoYo Code/stockery-backend/node_modules/express/lib/router/index.js:281:22\n    at param (/Users/harishkumarmatta/Desktop/Incubator/YoYo Code/stockery-backend/node_modules/express/lib/router/index.js:354:14)\n    at param (/Users/harishkumarmatta/Desktop/Incubator/YoYo Code/stockery-backend/node_modules/express/lib/router/index.js:365:14)\n    at Function.process_params (/Users/harishkumarmatta/Desktop/Incubator/YoYo Code/stockery-backend/node_modules/express/lib/router/index.js:410:3)\n    at next (/Users/harishkumarmatta/Desktop/Incubator/YoYo Code/stockery-backend/node_modules/express/lib/router/index.js:275:10)\n    at Function.handle (/Users/harishkumarmatta/Desktop/Incubator/YoYo Code/stockery-backend/node_modules/express/lib/router/index.js:174:3)\n    at router (/Users/harishkumarmatta/Desktop/Incubator/YoYo Code/stockery-backend/node_modules/express/lib/router/index.js:47:12)\n    at Layer.handle [as handle_request] (/Users/harishkumarmatta/Desktop/Incubator/YoYo Code/stockery-backend/node_modules/express/lib/router/layer.js:95:5)\n    at trim_prefix (/Users/harishkumarmatta/Desktop/Incubator/YoYo Code/stockery-backend/node_modules/express/lib/router/index.js:317:13)\n    at /Users/harishkumarmatta/Desktop/Incubator/YoYo Code/stockery-backend/node_modules/express/lib/router/index.js:284:7","level":"error"}
{"message":"::1 - - [14/Jul/2019:08:26:10 +0000] \"DELETE /api/v1/villages/5d2ae6beae85387efa7903c8 HTTP/1.1\" 400 2 \"-\" \"PostmanRuntime/7.15.0\"\n","level":"info"}
{"message":"::1 - - [14/Jul/2019:08:26:26 +0000] \"GET /api/v1/villages HTTP/1.1\" 200 423 \"-\" \"PostmanRuntime/7.15.0\"\n","level":"info"}
{"message":"Express app started on port 3000","level":"info"}
{"message":"Express app started on port 3000","level":"info"}
{"message":"Express app started on port 3000","level":"info"}
{"message":"Express app started on port 3000","level":"info"}
{"message":"Express app started on port 3000","level":"info"}
{"message":"::1 - - [14/Jul/2019:08:29:51 +0000] \"DELETE /api/v1/villages/5d2ae6beae85387efa7903c8 HTTP/1.1\" 200 228 \"-\" \"PostmanRuntime/7.15.0\"\n","level":"info"}
{"message":"::1 - - [14/Jul/2019:08:29:56 +0000] \"GET /api/v1/villages HTTP/1.1\" 200 194 \"-\" \"PostmanRuntime/7.15.0\"\n","level":"info"}
{"message":"Express app started on port 3000","level":"info"}
{"message":"Express app started on port 3000","level":"info"}
{"message":"::1 - - [14/Jul/2019:08:31:15 +0000] \"GET /api/v1/villages?id=5d2ae30dae85387efa7903c7 HTTP/1.1\" 200 192 \"-\" \"PostmanRuntime/7.15.0\"\n","level":"info"}
{"message":"::1 - - [14/Jul/2019:08:58:44 +0000] \"GET /api/v1/users HTTP/1.1\" 401 2 \"-\" \"PostmanRuntime/7.15.0\"\n","level":"info"}
{"message":"::1 - - [14/Jul/2019:08:58:59 +0000] \"GET /api/v1/users HTTP/1.1\" 401 2 \"-\" \"PostmanRuntime/7.15.0\"\n","level":"info"}
{"message":"::1 - - [14/Jul/2019:08:59:36 +0000] \"GET /api/v1/users HTTP/1.1\" 200 230 \"-\" \"PostmanRuntime/7.15.0\"\n","level":"info"}
{"message":"Express app started on port 3000","level":"info"}
{"message":"Express app started on port 3000","level":"info"}
{"message":"Express app started on port 3000","level":"info"}
{"message":"Express app started on port 3000","level":"info"}
{"message":"Express app started on port 3000","level":"info"}
{"message":"::1 - - [14/Jul/2019:09:03:45 +0000] \"GET /api/v1/villages HTTP/1.1\" 200 194 \"-\" \"PostmanRuntime/7.15.0\"\n","level":"info"}
{"message":"Express app started on port 3000","level":"info"}
{"message":"Express app started on port 3000","level":"info"}
{"message":"::1 - - [16/Jul/2019:18:19:27 +0000] \"POST /api/v1/payments HTTP/1.1\" 404 46 \"-\" \"PostmanRuntime/7.15.0\"\n","level":"info"}
{"message":"Express app started on port 3000","level":"info"}
{"message":"::1 - - [16/Jul/2019:18:20:39 +0000] \"POST /api/v1/payments HTTP/1.1\" 200 243 \"-\" \"PostmanRuntime/7.15.0\"\n","level":"info"}
{"level":"error"}
{"message":"::1 - - [16/Jul/2019:18:24:03 +0000] \"GET /api/v1/payments?id=5d2e1577c637cc957b57d446 HTTP/1.1\" 404 19 \"-\" \"PostmanRuntime/7.15.0\"\n","level":"info"}
{"message":"Express app started on port 3000","level":"info"}
{"message":"Express app started on port 3000","level":"info"}
{"level":"error"}
{"message":"::1 - - [16/Jul/2019:18:40:18 +0000] \"GET /api/v1/payments?id=5d2e1577c637cc957b57d446 HTTP/1.1\" 404 19 \"-\" \"PostmanRuntime/7.15.0\"\n","level":"info"}
{"message":"Express app started on port 3000","level":"info"}
{"level":"error"}
{"message":"::1 - - [16/Jul/2019:18:41:16 +0000] \"GET /api/v1/payments?id=5d2e1577c637cc957b57d446 HTTP/1.1\" 404 19 \"-\" \"PostmanRuntime/7.15.0\"\n","level":"info"}
{"message":"Express app started on port 3000","level":"info"}
{"message":"Express app started on port 3000","level":"info"}
{"level":"error"}
{"message":"::1 - - [16/Jul/2019:18:44:19 +0000] \"GET /api/v1/payments?id=5d2e1577c637cc957b57d446 HTTP/1.1\" 404 19 \"-\" \"PostmanRuntime/7.15.0\"\n","level":"info"}
{"message":"::1 - - [16/Jul/2019:18:44:38 +0000] \"POST /api/v1/payments HTTP/1.1\" 200 257 \"-\" \"PostmanRuntime/7.15.0\"\n","level":"info"}
{"message":"::1 - - [16/Jul/2019:18:44:48 +0000] \"GET /api/v1/payments?id=5d2e1b165096d195f7183ab9 HTTP/1.1\" 200 257 \"-\" \"PostmanRuntime/7.15.0\"\n","level":"info"}
{"message":"Express app started on port 3000","level":"info"}
{"message":"Express app started on port 3000","level":"info"}
{"message":"::1 - - [16/Jul/2019:18:46:39 +0000] \"GET /api/v1/payments?id=5d2e1b165096d195f7183ab9 HTTP/1.1\" 200 257 \"-\" \"PostmanRuntime/7.15.0\"\n","level":"info"}
{"message":"::1 - - [16/Jul/2019:18:46:54 +0000] \"GET /api/v1/payments?customerId=1 HTTP/1.1\" 200 259 \"-\" \"PostmanRuntime/7.15.0\"\n","level":"info"}
{"message":"::1 - - [16/Jul/2019:19:06:10 +0000] \"PATCH /api/v1/payments/5d2e1b165096d195f7183ab9 HTTP/1.1\" 401 18 \"-\" \"PostmanRuntime/7.15.0\"\n","level":"info"}
{"message":"::1 - - [16/Jul/2019:19:06:30 +0000] \"PATCH /api/v1/payments/5d2e1b165096d195f7183ab9 HTTP/1.1\" 200 297 \"-\" \"PostmanRuntime/7.15.0\"\n","level":"info"}
{"message":"::1 - - [16/Jul/2019:19:07:30 +0000] \"GET /api/v1/payments?customerId=1 HTTP/1.1\" 200 299 \"-\" \"PostmanRuntime/7.15.0\"\n","level":"info"}
{"message":"Express app started on port 3000","level":"info"}
{"message":"::1 - - [16/Jul/2019:19:10:46 +0000] \"DELETE /api/v1/payments/5d2e1b165096d195f7183ab9 HTTP/1.1\" 200 297 \"-\" \"PostmanRuntime/7.15.0\"\n","level":"info"}
{"message":"::1 - - [16/Jul/2019:19:10:52 +0000] \"GET /api/v1/payments?customerId=1 HTTP/1.1\" 200 2 \"-\" \"PostmanRuntime/7.15.0\"\n","level":"info"}
{"message":"Express app started on port 3000","level":"info"}
{"message":"Express app started on port 3000","level":"info"}
{"message":"::1 - - [16/Jul/2019:19:13:11 +0000] \"DELETE /api/v1/payments/5d2e1b165096d195f7183ab9 HTTP/1.1\" 200 298 \"-\" \"PostmanRuntime/7.15.0\"\n","level":"info"}
{"message":"Express app started on port 3000","level":"info"}
{"message":"Express app started on port 3000","level":"info"}
{"message":"Express app started on port 3000","level":"info"}
{"message":"Express app started on port 3000","level":"info"}
{"message":"Express app started on port 3000","level":"info"}
{"message":"Express app started on port 3000","level":"info"}
{"message":"Express app started on port 3000","level":"info"}
{"message":"::1 - - [16/Jul/2019:20:14:30 +0000] \"DELETE /api/v1/payments HTTP/1.1\" 404 46 \"-\" \"PostmanRuntime/7.15.0\"\n","level":"info"}
{"message":"Express app started on port 3000","level":"info"}
{"message":"Express app started on port 3000","level":"info"}
{"message":"Express app started on port 3000","level":"info"}
{"message":"Express app started on port 3000","level":"info"}
{"message":"Express app started on port 3000","level":"info"}
{"message":"Express app started on port 3000","level":"info"}
{"message":"::1 - - [16/Jul/2019:20:22:04 +0000] \"DELETE /api/v1/payments HTTP/1.1\" 200 28 \"-\" \"PostmanRuntime/7.15.0\"\n","level":"info"}
{"message":"::1 - - [16/Jul/2019:20:22:35 +0000] \"POST /api/v1/payments HTTP/1.1\" 200 258 \"-\" \"PostmanRuntime/7.15.0\"\n","level":"info"}
{"message":"::1 - - [16/Jul/2019:20:23:32 +0000] \"DELETE /api/v1/payments HTTP/1.1\" 200 28 \"-\" \"PostmanRuntime/7.15.0\"\n","level":"info"}
{"message":"::1 - - [16/Jul/2019:20:23:49 +0000] \"DELETE /api/v1/payments HTTP/1.1\" 200 28 \"-\" \"PostmanRuntime/7.15.0\"\n","level":"info"}
{"message":"Express app started on port 3000","level":"info"}
{"message":"Express app started on port 3000","level":"info"}
{"message":"Express app started on port 3000","level":"info"}
{"message":"Express app started on port 3000","level":"info"}
{"message":"Express app started on port 3000","level":"info"}
{"message":"Express app started on port 3000","level":"info"}
{"message":"Express app started on port 3000","level":"info"}
{"message":"Express app started on port 3000","level":"info"}
{"message":"::1 - - [17/Jul/2019:05:17:13 +0000] \"POST /api/v1/payments HTTP/1.1\" 200 258 \"-\" \"PostmanRuntime/7.15.0\"\n","level":"info"}
{"message":"::1 - - [17/Jul/2019:05:17:48 +0000] \"GET /api/v1/payments?customerId=1 HTTP/1.1\" 200 260 \"-\" \"PostmanRuntime/7.15.0\"\n","level":"info"}
{"message":"::1 - - [17/Jul/2019:05:19:04 +0000] \"GET /api/v1/payments?id=5d2eaf592ea9fe98a840c51b HTTP/1.1\" 200 258 \"-\" \"PostmanRuntime/7.15.0\"\n","level":"info"}
{"message":"::1 - - [17/Jul/2019:05:19:56 +0000] \"PATCH /api/v1/payments/5d2eaf592ea9fe98a840c51b HTTP/1.1\" 200 297 \"-\" \"PostmanRuntime/7.15.0\"\n","level":"info"}
{"message":"::1 - - [17/Jul/2019:05:20:12 +0000] \"GET /api/v1/payments?customerId=1 HTTP/1.1\" 200 299 \"-\" \"PostmanRuntime/7.15.0\"\n","level":"info"}
{"message":"::1 - - [17/Jul/2019:05:20:56 +0000] \"DELETE /api/v1/payments HTTP/1.1\" 200 28 \"-\" \"PostmanRuntime/7.15.0\"\n","level":"info"}
{"message":"::1 - - [17/Jul/2019:05:21:01 +0000] \"GET /api/v1/payments?customerId=1 HTTP/1.1\" 200 2 \"-\" \"PostmanRuntime/7.15.0\"\n","level":"info"}
{"message":"::1 - - [17/Jul/2019:05:22:03 +0000] \"DELETE /api/v1/payments/5d2eaf592ea9fe98a840c51b HTTP/1.1\" 200 298 \"-\" \"PostmanRuntime/7.15.0\"\n","level":"info"}
{"message":"Express app started on port 3000","level":"info"}
{"message":"Express app started on port 3000","level":"info"}
{"name":"MongoNetworkError","errorLabels":["TransientTransactionError"],"level":"error","message":"Issue connecting Tenant1failed to connect to server [35.154.175.45:27017] on first connect [MongoError: Authentication failed.]","stack":"MongoNetworkError: failed to connect to server [35.154.175.45:27017] on first connect [MongoError: Authentication failed.]\n    at Pool.<anonymous> (/Users/harishkumarmatta/Desktop/Incubator/YoYo Code/stockery-backend/node_modules/mongodb-core/lib/topologies/server.js:431:11)\n    at Pool.emit (events.js:189:13)\n    at connect (/Users/harishkumarmatta/Desktop/Incubator/YoYo Code/stockery-backend/node_modules/mongodb-core/lib/connection/pool.js:557:14)\n    at callback (/Users/harishkumarmatta/Desktop/Incubator/YoYo Code/stockery-backend/node_modules/mongodb-core/lib/connection/connect.js:109:5)\n    at provider.auth.err (/Users/harishkumarmatta/Desktop/Incubator/YoYo Code/stockery-backend/node_modules/mongodb-core/lib/connection/connect.js:352:21)\n    at _authenticateSingleConnection (/Users/harishkumarmatta/Desktop/Incubator/YoYo Code/stockery-backend/node_modules/mongodb-core/lib/auth/auth_provider.js:66:11)\n    at sendAuthCommand (/Users/harishkumarmatta/Desktop/Incubator/YoYo Code/stockery-backend/node_modules/mongodb-core/lib/auth/scram.js:177:16)\n    at Connection.messageHandler (/Users/harishkumarmatta/Desktop/Incubator/YoYo Code/stockery-backend/node_modules/mongodb-core/lib/connection/connect.js:334:5)\n    at Connection.emit (events.js:189:13)\n    at processMessage (/Users/harishkumarmatta/Desktop/Incubator/YoYo Code/stockery-backend/node_modules/mongodb-core/lib/connection/connection.js:364:10)\n    at Socket.<anonymous> (/Users/harishkumarmatta/Desktop/Incubator/YoYo Code/stockery-backend/node_modules/mongodb-core/lib/connection/connection.js:533:15)\n    at Socket.emit (events.js:189:13)\n    at addChunk (_stream_readable.js:284:12)\n    at readableAddChunk (_stream_readable.js:265:11)\n    at Socket.Readable.push (_stream_readable.js:220:10)\n    at TCP.onStreamRead [as onread] (internal/stream_base_commons.js:94:17)"}
{"message":"Express app started on port 3000","level":"info"}
{"message":"Express app started on port 3000","level":"info"}
{"message":"Express app started on port 3000","level":"info"}
{"name":"MongoNetworkError","errorLabels":["TransientTransactionError"],"level":"error","message":"Issue connecting Tenant1failed to connect to server [35.154.175.45:27017] on first connect [MongoError: Authentication failed.]","stack":"MongoNetworkError: failed to connect to server [35.154.175.45:27017] on first connect [MongoError: Authentication failed.]\n    at Pool.<anonymous> (/Users/harishkumarmatta/Desktop/Incubator/YoYo Code/stockery-backend/node_modules/mongodb-core/lib/topologies/server.js:431:11)\n    at Pool.emit (events.js:189:13)\n    at connect (/Users/harishkumarmatta/Desktop/Incubator/YoYo Code/stockery-backend/node_modules/mongodb-core/lib/connection/pool.js:557:14)\n    at callback (/Users/harishkumarmatta/Desktop/Incubator/YoYo Code/stockery-backend/node_modules/mongodb-core/lib/connection/connect.js:109:5)\n    at provider.auth.err (/Users/harishkumarmatta/Desktop/Incubator/YoYo Code/stockery-backend/node_modules/mongodb-core/lib/connection/connect.js:352:21)\n    at _authenticateSingleConnection (/Users/harishkumarmatta/Desktop/Incubator/YoYo Code/stockery-backend/node_modules/mongodb-core/lib/auth/auth_provider.js:66:11)\n    at sendAuthCommand (/Users/harishkumarmatta/Desktop/Incubator/YoYo Code/stockery-backend/node_modules/mongodb-core/lib/auth/scram.js:177:16)\n    at Connection.messageHandler (/Users/harishkumarmatta/Desktop/Incubator/YoYo Code/stockery-backend/node_modules/mongodb-core/lib/connection/connect.js:334:5)\n    at Connection.emit (events.js:189:13)\n    at processMessage (/Users/harishkumarmatta/Desktop/Incubator/YoYo Code/stockery-backend/node_modules/mongodb-core/lib/connection/connection.js:364:10)\n    at Socket.<anonymous> (/Users/harishkumarmatta/Desktop/Incubator/YoYo Code/stockery-backend/node_modules/mongodb-core/lib/connection/connection.js:533:15)\n    at Socket.emit (events.js:189:13)\n    at addChunk (_stream_readable.js:284:12)\n    at readableAddChunk (_stream_readable.js:265:11)\n    at Socket.Readable.push (_stream_readable.js:220:10)\n    at TCP.onStreamRead [as onread] (internal/stream_base_commons.js:94:17)"}
{"name":"MongoNetworkError","errorLabels":["TransientTransactionError"],"level":"error","message":"Issue connecting Tenant1failed to connect to server [35.154.175.45:27017] on first connect [MongoError: Authentication failed.]","stack":"MongoNetworkError: failed to connect to server [35.154.175.45:27017] on first connect [MongoError: Authentication failed.]\n    at Pool.<anonymous> (/Users/harishkumarmatta/Desktop/Incubator/YoYo Code/stockery-backend/node_modules/mongodb-core/lib/topologies/server.js:431:11)\n    at Pool.emit (events.js:189:13)\n    at connect (/Users/harishkumarmatta/Desktop/Incubator/YoYo Code/stockery-backend/node_modules/mongodb-core/lib/connection/pool.js:557:14)\n    at callback (/Users/harishkumarmatta/Desktop/Incubator/YoYo Code/stockery-backend/node_modules/mongodb-core/lib/connection/connect.js:109:5)\n    at provider.auth.err (/Users/harishkumarmatta/Desktop/Incubator/YoYo Code/stockery-backend/node_modules/mongodb-core/lib/connection/connect.js:352:21)\n    at _authenticateSingleConnection (/Users/harishkumarmatta/Desktop/Incubator/YoYo Code/stockery-backend/node_modules/mongodb-core/lib/auth/auth_provider.js:66:11)\n    at sendAuthCommand (/Users/harishkumarmatta/Desktop/Incubator/YoYo Code/stockery-backend/node_modules/mongodb-core/lib/auth/scram.js:177:16)\n    at Connection.messageHandler (/Users/harishkumarmatta/Desktop/Incubator/YoYo Code/stockery-backend/node_modules/mongodb-core/lib/connection/connect.js:334:5)\n    at Connection.emit (events.js:189:13)\n    at processMessage (/Users/harishkumarmatta/Desktop/Incubator/YoYo Code/stockery-backend/node_modules/mongodb-core/lib/connection/connection.js:364:10)\n    at Socket.<anonymous> (/Users/harishkumarmatta/Desktop/Incubator/YoYo Code/stockery-backend/node_modules/mongodb-core/lib/connection/connection.js:533:15)\n    at Socket.emit (events.js:189:13)\n    at addChunk (_stream_readable.js:284:12)\n    at readableAddChunk (_stream_readable.js:265:11)\n    at Socket.Readable.push (_stream_readable.js:220:10)\n    at TCP.onStreamRead [as onread] (internal/stream_base_commons.js:94:17)"}
{"name":"MongoNetworkError","errorLabels":["TransientTransactionError"],"level":"error","message":"Issue connecting Tenant1failed to connect to server [35.154.175.45:27017] on first connect [MongoError: Authentication failed.]","stack":"MongoNetworkError: failed to connect to server [35.154.175.45:27017] on first connect [MongoError: Authentication failed.]\n    at Pool.<anonymous> (/Users/harishkumarmatta/Desktop/Incubator/YoYo Code/stockery-backend/node_modules/mongodb-core/lib/topologies/server.js:431:11)\n    at Pool.emit (events.js:189:13)\n    at connect (/Users/harishkumarmatta/Desktop/Incubator/YoYo Code/stockery-backend/node_modules/mongodb-core/lib/connection/pool.js:557:14)\n    at callback (/Users/harishkumarmatta/Desktop/Incubator/YoYo Code/stockery-backend/node_modules/mongodb-core/lib/connection/connect.js:109:5)\n    at provider.auth.err (/Users/harishkumarmatta/Desktop/Incubator/YoYo Code/stockery-backend/node_modules/mongodb-core/lib/connection/connect.js:352:21)\n    at _authenticateSingleConnection (/Users/harishkumarmatta/Desktop/Incubator/YoYo Code/stockery-backend/node_modules/mongodb-core/lib/auth/auth_provider.js:66:11)\n    at sendAuthCommand (/Users/harishkumarmatta/Desktop/Incubator/YoYo Code/stockery-backend/node_modules/mongodb-core/lib/auth/scram.js:177:16)\n    at Connection.messageHandler (/Users/harishkumarmatta/Desktop/Incubator/YoYo Code/stockery-backend/node_modules/mongodb-core/lib/connection/connect.js:334:5)\n    at Connection.emit (events.js:189:13)\n    at processMessage (/Users/harishkumarmatta/Desktop/Incubator/YoYo Code/stockery-backend/node_modules/mongodb-core/lib/connection/connection.js:364:10)\n    at Socket.<anonymous> (/Users/harishkumarmatta/Desktop/Incubator/YoYo Code/stockery-backend/node_modules/mongodb-core/lib/connection/connection.js:533:15)\n    at Socket.emit (events.js:189:13)\n    at addChunk (_stream_readable.js:284:12)\n    at readableAddChunk (_stream_readable.js:265:11)\n    at Socket.Readable.push (_stream_readable.js:220:10)\n    at TCP.onStreamRead [as onread] (internal/stream_base_commons.js:94:17)"}
{"message":"Express app started on port 3000","level":"info"}
{"message":"Express app started on port 3000","level":"info"}
{"message":"Express app started on port 3000","level":"info"}
{"message":"Express app started on port 3000","level":"info"}
{"message":"MongoNetworkError: failed to connect to server [localhost:27017] on first connect [MongoError: Authentication failed.]\n    at Pool.<anonymous> (/Users/harishkumarmatta/Desktop/Incubator/YoYo Code/stockery-backend/node_modules/mongodb-core/lib/topologies/server.js:431:11)\n    at Pool.emit (events.js:189:13)\n    at connect (/Users/harishkumarmatta/Desktop/Incubator/YoYo Code/stockery-backend/node_modules/mongodb-core/lib/connection/pool.js:557:14)\n    at callback (/Users/harishkumarmatta/Desktop/Incubator/YoYo Code/stockery-backend/node_modules/mongodb-core/lib/connection/connect.js:109:5)\n    at provider.auth.err (/Users/harishkumarmatta/Desktop/Incubator/YoYo Code/stockery-backend/node_modules/mongodb-core/lib/connection/connect.js:352:21)\n    at _authenticateSingleConnection (/Users/harishkumarmatta/Desktop/Incubator/YoYo Code/stockery-backend/node_modules/mongodb-core/lib/auth/auth_provider.js:66:11)\n    at sendAuthCommand (/Users/harishkumarmatta/Desktop/Incubator/YoYo Code/stockery-backend/node_modules/mongodb-core/lib/auth/scram.js:177:16)\n    at Connection.messageHandler (/Users/harishkumarmatta/Desktop/Incubator/YoYo Code/stockery-backend/node_modules/mongodb-core/lib/connection/connect.js:334:5)\n    at Connection.emit (events.js:189:13)\n    at processMessage (/Users/harishkumarmatta/Desktop/Incubator/YoYo Code/stockery-backend/node_modules/mongodb-core/lib/connection/connection.js:364:10)\n    at Socket.<anonymous> (/Users/harishkumarmatta/Desktop/Incubator/YoYo Code/stockery-backend/node_modules/mongodb-core/lib/connection/connection.js:533:15)\n    at Socket.emit (events.js:189:13)\n    at addChunk (_stream_readable.js:284:12)\n    at readableAddChunk (_stream_readable.js:265:11)\n    at Socket.Readable.push (_stream_readable.js:220:10)\n    at TCP.onStreamRead [as onread] (internal/stream_base_commons.js:94:17)","level":"error"}
{"message":"Express app started on port 3000","level":"info"}
{"message":"Express app started on port 3000","level":"info"}
{"message":"Express app started on port 3000","level":"info"}
{"message":"::1 - - [20/Oct/2019:17:35:06 +0000] \"GET / HTTP/1.1\" 200 260 \"-\" \"Mozilla/5.0 (Macintosh; Intel Mac OS X 10_14_5) AppleWebKit/537.36 (KHTML, like Gecko) Chrome/77.0.3865.120 Safari/537.36\"\n","level":"info"}
{"message":"::1 - - [20/Oct/2019:17:35:15 +0000] \"GET /ping HTTP/1.1\" 200 4 \"-\" \"Mozilla/5.0 (Macintosh; Intel Mac OS X 10_14_5) AppleWebKit/537.36 (KHTML, like Gecko) Chrome/77.0.3865.120 Safari/537.36\"\n","level":"info"}
{"message":"Express app started on port 3000","level":"info"}
{"message":"Express app started on port 3000","level":"info"}
{"message":"Express app started on port 3000","level":"info"}
